1685945222005	geckodriver	INFO	Listening on 127.0.0.1:50600
1685945225090	mozrunner::runner	INFO	Running command: "C:\\Program Files\\Mozilla Firefox\\firefox.exe" "--marionette" "--remote-debugging-port" "50601" "--remote-allow-hosts" "localhost" "-no-remote" "-profile" "C:\\Users\\BIMPRO~1\\AppData\\Local\\Temp\\rust_mozprofileMkYq5R"
console.warn: services.settings: Ignoring preference override of remote settings server
console.warn: services.settings: Allow by setting MOZ_REMOTE_SETTINGS_DEVTOOLS=1 in the environment
1685945226572	Marionette	INFO	Marionette enabled
Dynamically enable window occlusion 0
1685945226580	Marionette	INFO	Listening on port 50658
Read port: 
1685945226590	geckodriver::browser	WARN	Failed fo convert  to u16
Read port: 50658
WebDriver BiDi listening on ws://127.0.0.1:50601
1685945226[ERROR glean_core] Error setting metrics feature config: Json(Error("EOF while parsing a value", line: 1, column: 0))
DevTools listening on ws://127.0.0.1:50599/devtools/browser/efc0a670-3012-4056-a032-ebdc83593376
console.error: ({})
JavaScript warning: https://pagead2.googlesyndication.com/bg/Grx7oFpFltq8b-fsl1vgPlw_mz8UVJv5RtxGiy-srTQ.js line 2 > eval line 2965 > eval line 1 > eval line 1 > eval, line 1: WEBGL_debug_renderer_info is deprecated in Firefox and will be removed. Please use RENDERER.
1685945248079	Marionette	INFO	Stopped listening on port 50641
[Child 2656, Main Thread] WARNING: JSWindowActorChild::SendRawMessage (Conduits, ConduitClosed) not sent: !CanSend() || !mManager || !mManager->CanSend(): file /builds/worker/checkouts/gecko/dom/ipc/jsactor/JSWindowActorChild.cpp:57
[Child 2656, Main Thread] WARNING: JSWindowActorChild::SendRawMessage (Conduits, ConduitClosed) not sent: !CanSend() || !mManager || !mManager->CanSend(): file /builds/worker/checkouts/gecko/dom/ipc/jsactor/JSWindowActorChild.cpp:57
[Child 2656, Main Thread] WARNING: JSWindowActorChild::SendRawMessage (Conduits, ConduitClosed) not sent: !CanSend() || !mManager || !mManager->CanSend(): file /builds/worker/checkouts/gecko/dom/ipc/jsactor/JSWindowActorChild.cpp:57
[Child 2656, Main Thread] WARNING: JSWindowActorChild::SendRawMessage (Conduits, ConduitClosed) not sent: !CanSend() || !mManager || !mManager->CanSend(): file /builds/worker/checkouts/gecko/dom/ipc/jsactor/JSWindowActorChild.cpp:57
[Child 2656, Main Thread] WARNING: JSWindowActorChild::SendRawMessage (Conduits, ConduitClosed) not sent: !CanSend() || !mManager || !mManager->CanSend(): file /builds/worker/checkouts/gecko/dom/ipc/jsactor/JSWindowActorChild.cpp:57
[Child 2656, Main Thread] WARNING: JSWindowActorChild::SendRawMessage (Conduits, ConduitClosed) not sent: !CanSend() || !mManager || !mManager->CanSend(): file /builds/worker/checkouts/gecko/dom/ipc/jsactor/JSWindowActorChild.cpp:57
[Child 2656, Main Thread] WARNING: JSWindowActorChild::SendRawMessage (Conduits, ConduitClosed) not sent: !CanSend() || !mManager || !mManager->CanSend(): file /builds/worker/checkouts/gecko/dom/ipc/jsactor/JSWindowActorChild.cpp:57
[Child 2656, Main Thread] WARNING: JSWindowActorChild::SendRawMessage (Conduits, ConduitClosed) not sent: !CanSend() || !mManager || !mManager->CanSend(): file /builds/worker/checkouts/gecko/dom/ipc/jsactor/JSWindowActorChild.cpp:57
Dynamically enable window occlusion 1
WARNING: A blocker encountered an error while we were waiting.
          Blocker:  Waiting for ping task
          Phase: TelemetryController: Waiting for pending ping activity
          State: (none)
WARNING: Error: Phase "profile-before-change" is finished, it is too late to register completion condition "OS.File: flush I/O queued before profileBeforeChange"
WARNING: addBlocker@resource://gre/modules/AsyncShutdown.sys.mjs:727:15
addBlocker@resource://gre/modules/AsyncShutdown.sys.mjs:523:26
addBlocker@resource://gre/modules/AsyncShutdown.sys.mjs:458:15
setupShutdown@resource://gre/modules/osfile/osfile_async_front.jsm:1548:28
@resource://gre/modules/osfile/osfile_async_front.jsm:1568:16
@resource://gre/modules/osfile.jsm:12:30
@resource://gre/modules/TelemetryStorage.sys.mjs:10:28
_checkPendingPings@resource://gre/modules/TelemetrySend.sys.mjs:859:17
setup@resource://gre/modules/TelemetrySend.sys.mjs:799:18
setup@resource://gre/modules/TelemetrySend.sys.mjs:237:30
setupTelemetry/this._delayedInitTask<@resource://gre/modules/TelemetryControllerParent.sys.mjs:824:36
observe@resource://gre/modules/AsyncShutdown.sys.mjs:576:16

console.error: "TelemetryScheduler.shutdown - Already shut down"
WARNING: A blocker encountered an error while we were waiting.
          Blocker:  Waiting for ping task
          Phase: TelemetryController: Waiting for pending ping activity
          State: (none)
WARNING: Error: Phase "profile-before-change" is finished, it is too late to register completion condition "OS.File: flush I/O queued before profileBeforeChange"
WARNING: addBlocker@resource://gre/modules/AsyncShutdown.sys.mjs:727:15
addBlocker@resource://gre/modules/AsyncShutdown.sys.mjs:523:26
addBlocker@resource://gre/modules/AsyncShutdown.sys.mjs:458:15
setupShutdown@resource://gre/modules/osfile/osfile_async_front.jsm:1548:28
@resource://gre/modules/osfile/osfile_async_front.jsm:1568:16
@resource://gre/modules/osfile.jsm:12:30
@resource://gre/modules/TelemetryStorage.sys.mjs:10:28
_checkPendingPings@resource://gre/modules/TelemetrySend.sys.mjs:859:17
setup@resource://gre/modules/TelemetrySend.sys.mjs:799:18
setup@resource://gre/modules/TelemetrySend.sys.mjs:237:30
setupTelemetry/this._delayedInitTask<@resource://gre/modules/TelemetryControllerParent.sys.mjs:824:36
observe@resource://gre/modules/AsyncShutdown.sys.mjs:576:16

WARNING: A blocker encountered an error while we were waiting.
          Blocker:  Waiting for ping task
          Phase: TelemetryController: Waiting for pending ping activity
          State: (none)
WARNING: Error: Phase "profile-before-change" is finished, it is too late to register completion condition "OS.File: flush I/O queued before profileBeforeChange"
WARNING: addBlocker@resource://gre/modules/AsyncShutdown.sys.mjs:727:15
addBlocker@resource://gre/modules/AsyncShutdown.sys.mjs:523:26
addBlocker@resource://gre/modules/AsyncShutdown.sys.mjs:458:15
setupShutdown@resource://gre/modules/osfile/osfile_async_front.jsm:1548:28
@resource://gre/modules/osfile/osfile_async_front.jsm:1568:16
@resource://gre/modules/osfile.jsm:12:30
@resource://gre/modules/TelemetryStorage.sys.mjs:10:28
_checkPendingPings@resource://gre/modules/TelemetrySend.sys.mjs:859:17
setup@resource://gre/modules/TelemetrySend.sys.mjs:799:18
setup@resource://gre/modules/TelemetrySend.sys.mjs:237:30
setupTelemetry/this._delayedInitTask<@resource://gre/modules/TelemetryControllerParent.sys.mjs:824:36
observe@resource://gre/modules/AsyncShutdown.sys.mjs:576:16

WARNING: A blocker encountered an error while we were waiting.
          Blocker:  TelemetryController: shutting down
          Phase: profile-before-change-telemetry
          State: Error getting state: Error: Phase "profile-before-change" is finished, it is too late to register completion condition "OS.File: flush I/O queued before profileBeforeChange" at addBlocker@resource://gre/modules/AsyncShutdown.sys.mjs:727:15
addBlocker@resource://gre/modules/AsyncShutdown.sys.mjs:523:26
addBlocker@resource://gre/modules/AsyncShutdown.sys.mjs:458:15
setupShutdown@resource://gre/modules/osfile/osfile_async_front.jsm:1548:28
@resource://gre/modules/osfile/osfile_async_front.jsm:1568:16
@resource://gre/modules/osfile.jsm:12:30
@resource://gre/modules/TelemetryStorage.sys.mjs:10:28
_checkPendingPings@resource://gre/modules/TelemetrySend.sys.mjs:859:17
setup@resource://gre/modules/TelemetrySend.sys.mjs:799:18
setup@resource://gre/modules/TelemetrySend.sys.mjs:237:30
setupTelemetry/this._delayedInitTask<@resource://gre/modules/TelemetryControllerParent.sys.mjs:824:36
observe@resource://gre/modules/AsyncShutdown.sys.mjs:576:16

WARNING: Error: Phase "profile-before-change" is finished, it is too late to register completion condition "OS.File: flush I/O queued before profileBeforeChange"
WARNING: addBlocker@resource://gre/modules/AsyncShutdown.sys.mjs:727:15
addBlocker@resource://gre/modules/AsyncShutdown.sys.mjs:523:26
addBlocker@resource://gre/modules/AsyncShutdown.sys.mjs:458:15
setupShutdown@resource://gre/modules/osfile/osfile_async_front.jsm:1548:28
@resource://gre/modules/osfile/osfile_async_front.jsm:1568:16
@resource://gre/modules/osfile.jsm:12:30
@resource://gre/modules/TelemetryStorage.sys.mjs:10:28
_checkPendingPings@resource://gre/modules/TelemetrySend.sys.mjs:859:17
setup@resource://gre/modules/TelemetrySend.sys.mjs:799:18
setup@resource://gre/modules/TelemetrySend.sys.mjs:237:30
setupTelemetry/this._delayedInitTask<@resource://gre/modules/TelemetryControllerParent.sys.mjs:824:36
observe@resource://gre/modules/AsyncShutdown.sys.mjs:576:16

JavaScript error: resource://gre/modules/AsyncShutdown.sys.mjs, line 727: Error: Phase "profile-before-change" is finished, it is too late to register completion condition "OS.File: flush I/O queued before profileBeforeChange"
JavaScript error: resource://gre/modules/AsyncShutdown.sys.mjs, line 727: Error: Phase "profile-before-change" is finished, it is too late to register completion condition "OS.File: flush I/O queued before profileBeforeChange"
JavaScript error: resource://gre/modules/AsyncShutdown.sys.mjs, line 727: Error: Phase "profile-before-change" is finished, it is too late to register completion condition "OS.File: flush I/O queued before profileBeforeChange"
JavaScript error: resource://gre/modules/AsyncShutdown.sys.mjs, line 727: Error: Phase "profile-before-change" is finished, it is too late to register completion condition "OS.File: flush I/O queued before profileBeforeChange"
JavaScript error: resource://gre/modules/AsyncShutdown.sys.mjs, line 727: Error: Phase "profile-before-change" is finished, it is too late to register completion condition "OS.File: flush I/O queued before profileBeforeChange"
JavaScript error: resource://gre/modules/AsyncShutdown.sys.mjs, line 727: Error: Phase "profile-before-change" is finished, it is too late to register completion condition "OS.File: flush I/O queued before profileBeforeChange"
hange"
ion condition "OS.File: flush I/O queued before profileBeforeChange"
1685945355713	geckodriver	INFO	Listening on 127.0.0.1:51197
1685945358748	mozrunner::runner	INFO	Running command: "C:\\P1685945359485	mozrunner::runner	INFO	Running command: "C:\\Program Files\\Mozilla Firefox\\firefox.exe" "--marionette" "--remote-debugging-port" "51206" "--remote-allow-hosts" "localhost" "-no-remote" "-profile" "C:\\Users\\BIMPRO~1\\AppData\\Local\\Temp\\rust_mozprofileUbnXNg"
console.warn: services.settings: Ignoring preference override of remote settings server
console.warn: services.settings: Allow by setting MOZ_REMOTE_SETTINGS_DEVTOOLS=1 in the environment
1685945360733	Marionette	INFO	Marionette enabled
Dynamically enable window occlusion 0
1685945360808	Marionette	INFO	Listening on port 51249
Read port: 51249
WebDriver BiDi listening on ws://127.0.0.1:51206
1685945361935	RemoteAgent	WA[ERROR glean_core] Error setting metrics feature config: Json(Error("EOF while parsing a value", line: 1, column: 0))
DevTools listening on ws://127.0.0.1:51198/devtools/browser/2fea26c7-558b-4d41-bb00-59e5a5062877
console.error: ({})
JavaScript warning: https://pagead2.googlesyndication.com/bg/Grx7oFpFltq8b-fsl1vgPlw_mz8UVJv5RtxGiy-srTQ.js line 2 > eval line 741 > eval line 1 > eval line 1 > eval, line 1: WEBGL_debug_renderer_info is deprecated in Firefox and will be removed. Please use RENDERER.
1685945379679	Marionette	INFO	Stopped listening on port 51231
[Child 5504, Main Thread] WARNING: JSWindowActorChild::SendRawMessage (Condu1685945379996	Marionette	INFO	Stopped listening on port 51246
[Child 16196, Main Thread] WARNING: JSWindowActorChild::SendRawMessage (Conduits, ConduitClosed) not sent: !CanSend() || !mManager || !mManager->CanSend(): file /builds/worker/checkouts/gecko/dom/ipc/jsactor/JSWindowActorChild.cpp:57
[Child 16196, Main Thread] WARNING: JSWindowActorChild::SendRawMessage (Conduits, ConduitClosed) not sent: !CanSend() || !mManager || !mManager->CanSend(): file /builds/worker/checkouts/gecko/dom/ipc/jsactor/JSWindowActorChild.cpp:57
[Child 16196, Main Thread] WARNING: JSWindowActorChild::SendRawMessage (Conduits, ConduitClosed) not sent: !CanSend() || !mManager || !mManager->CanSend(): file /builds/worker/checkouts/gecko/dom/ipc/jsactor/JSWindowActorChild.cpp:57
[Child 16196, Main Thread] WARNING: JSWindowActorChild::SendRawMessage (Conduits, ConduitClosed) not sent: !CanSend() || !mManager || !mManager->CanSend(): file /builds/worker/checkouts/gecko/dom/ipc/jsactor/JSWindowActorChild.cpp:57
[Child 16196, Main Thread] WARNING: JSWindowActorChild::SendRawMessage (Conduits, ConduitClosed) not sent: !CanSend() || !mManager || !mManager->CanSend(): file /builds/worker/checkouts/gecko/dom/ipc/jsactor/JSWindowActorChild.cpp:57
[Child 16196, Main Thread] WARNING: JSWindowActorChild::SendRawMessage (Conduits, ConduitClosed) not sent: !CanSend() || !mManager || !mManager->CanSend(): file /builds/worker/checkouts/gecko/dom/ipc/jsactor/JSWindowActorChild.cpp:57
[Child 16196, Main Thread] WARNING: JSWindowActorChild::SendRawMessage (Conduits, ConduitClosed) not sent: !CanSend() || !mManager || !mManager->CanSend(): file /builds/worker/checkouts/gecko/dom/ipc/jsactor/JSWindowActorChild.cpp:57
[Child 16196, Main Thread] WARNING: JSWindowActorChild::SendRawMessage (Conduits, ConduitClosed) not sent: !CanSend() || !mManaWARNING: A blocker encountered an error while we were waiting.
          Blocker:  Waiting for ping task
 Dynamically enable window occlusion 1
WARNING: A blocker encountered an error while we were waiting.
          Blocker:  Waiting for ping task
          Phase: TelemetryController: Waiting for pending ping activity
          State: (none)
WARNING: Error: Phase "profile-before-change" is finished, it is too late to register completion condition "OS.File: flush I/O queued before profileBeforeChange"
WARNING: addBlocker@resource://gre/modules/AsyncShutdown.sys.mjs:727:15
addBlocker@resource://gre/modules/AsyncShutdown.sys.mjs:523:26
addBlocker@resource://gre/modules/AsyncShutdown.sys.mjs:458:15
setupShutdown@resource://gre/modules/osfile/osfile_async_front.jsm:1548:28
@resource://gre/modules/osfile/osfile_async_front.jsm:1568:16
@resource://gre/modules/osfile.jsm:12:30
@resource://gre/modules/TelemetryStorage.sys.mjs:10:28
_checkPendingPings@resource://gre/modules/TelemetrySend.sys.mjs:859:17
setup@resource://gre/modules/TelemetrySend.sys.mjs:799:18
setup@resource://gre/modules/TelemetrySend.sys.mjs:237:30
setupTelemetry/this._delayedInitTask<@resource://gre/modules/TelemetryControllerParent.sys.mjs:824:36
observe@resource://gre/modules/AsyncShutdown.sys.mjs:576:16

console.error: "TelemetryScheduler.shutdown - Already shut down"
WARNING: A blocker encountered an error while we were waiting.
          Blocker:  Waiting for ping task
          Phase: TelemetryController: Waiting for pending ping activity
          State: (none)
WARNING: Error: Phase "profile-before-change" is finished, it is too late to register completion condition "OS.File: flush I/O queued before profileBeforeChange"
WARNING: addBlocker@resource://gre/modules/AsyncShutdown.sys.mjs:727:15
addBlocker@resource://gre/modules/AsyncShutdown.sys.mjs:523:26
addBlocker@resource://gre/modules/AsyncShutdown.sys.mjs:458:15
setupShutdown@resource://gre/modules/osfile/osfile_async_front.jsm:1548:28
@resource://gre/modules/osfile/osfile_async_front.jsm:1568:16
@resource://gre/modules/osfile.jsm:12:30
@resource://gre/modules/TelemetryStorage.sys.mjs:10:28
_checkPendingPings@resource://gre/modules/TelemetrySend.sys.mjs:859:17
setup@resource://gre/modules/TelemetrySend.sys.mjs:799:18
setup@resource://gre/modules/TelemetrySend.sys.mjs:237:30
setupTelemetry/this._delayedInitTask<@resource://gre/modules/TelemetryControllerParent.sys.mjs:824:36
observe@resource://gre/modules/AsyncShutdown.sys.mjs:576:16

WARNING: A blocker encountered an error while we were waiting.
          Blocker:  Waiting for ping task
          Phase: TelemetryController: Waiting for pending ping activity
          State: (none)
WARNING: Error: Phase "profile-before-change" is finished, it is too late to register completion condition "OS.File: flush I/O queued before profileBeforeChange"
WARNING: addBlocker@resource://gre/modules/AsyncShutdown.sys.mjs:727:15
addBlocker@resource://gre/modules/AsyncShutdown.sys.mjs:523:26
addBlocker@resource://gre/modules/AsyncShutdown.sys.mjs:458:15
setupShutdown@resource://gre/modules/osfile/osfile_async_front.jsm:1548:28
@resource://gre/modules/osfile/osfile_async_front.jsm:1568:16
@resource://gre/modules/osfile.jsm:12:30
@resource://gre/modules/TelemetryStorage.sys.mjs:10:28
_checkPendingPings@resource://gre/modules/TelemetrySend.sys.mjs:859:17
setup@resource://gre/modules/TelemetrySend.sys.mjs:799:18
setup@resource://gre/modules/TelemetrySend.sys.mjs:237:30
setupTelemetry/this._delayedInitTask<@resource://gre/modules/TelemetryControllerParent.sys.mjs:824:36
observe@resource://gre/modules/AsyncShutdown.sys.mjs:576:16

WARNING: A blocker encountered an error while we were waiting.
          Blocker:  TelemetryController: shutting down
          Phase: profile-before-change-telemetry
          State: Error getting state: Error: Phase "profile-before-change" is finished, it is too late to register completion condition "OS.File: flush I/O queued before profileBeforeChange" at addBlocker@resource://gre/modules/AsyncShutdown.sys.mjs:727:15
addBlocker@resource://gre/modules/AsyncShutdown.sys.mjs:523:26
addBlocker@resource://gre/modules/AsyncShutdown.sys.mjs:458:15
setupShutdown@resource://gre/modules/osfile/osfile_async_front.jsm:1548:28
@resource://gre/modules/osfile/osfile_async_front.jsm:1568:16
@resource://gre/modules/osfile.jsm:12:30
@resource://gre/modules/TelemetryStorage.sys.mjs:10:28
_checkPendingPings@resource://gre/modules/TelemetrySend.sys.mjs:859:17
setup@resource://gre/modules/TelemetrySend.sys.mjs:799:18
setup@resource://gre/modules/TelemetrySend.sys.mjs:237:30
setupTelemetry/this._delayedInitTask<@resource://gre/modules/TelemetryControllerParent.sys.mjs:824:36
observe@resource://gre/modules/AsyncShutdown.sys.mjs:576:16

WARNING: Error: Phase "profile-before-change" is finished, it is too late to register completion condition "OS.File: flush I/O queued before profileBeforeChange"
WARNING: addBlocker@resource://gre/modules/AsyncShutdown.sys.mjs:727:15
addBlocker@resource://gre/modules/AsyncShutdown.sys.mjs:523:26
addBlocker@resource://gre/modules/AsyncShutdown.sys.mjs:458:15
setupShutdown@resource://gre/modules/osfile/osfile_async_front.jsm:1548:28
@resource://gre/modules/osfile/osfile_async_front.jsm:1568:16
@resource://gre/modules/osfile.jsm:12:30
@resource://gre/modules/TelemetryStorage.sys.mjs:10:28
_checkPendingPings@resource://gre/modules/TelemetrySend.sys.mjs:859:17
setup@resource://gre/modules/TelemetrySend.sys.mjs:799:18
setup@resource://gre/modules/TelemetrySend.sys.mjs:237:30
setupTelemetry/this._delayedInitTask<@resource://gre/modules/TelemetryControllerParent.sys.mjs:824:36
observe@resource://gre/modules/AsyncShutdown.sys.mjs:576:16

JavaScript error: resource://gre/modules/AsyncShutdown.sys.mjs, line 727: Error: Phase "profile-before-change" is finished, it is too late to register completion condition "OS.File: flush I/O queued before profileBeforeChange"
JavaScript error: resource://gre/modules/AsyncShutdown.sys.mjs, line 727: Error: Phase "profile-before-change" is finished, it is too late to register completion condition "OS.File: flush I/O queued before profileBeforeChange"
JavaScript error: resource://gre/modules/AsyncShutdown.sys.mjs, line 727: Error: Phase "profile-before-change" is finished, it is too late to register completion condition "OS.File: flush I/O queued before profileBeforeChange"
JavaScript error: resource://gre/modules/AsyncShutdown.sys.mjs, line 727: Error: Phase "profile-before-change" is finished, it is too late to register completion condition "OS.File: flush I/O queued before profileBeforeChange"
JavaScript error: resource://gre/modules/AsyncShutdown.sys.mjs, line 727: Error: Phase "profile-before-change" is finished, it is too late to register completion condition "OS.File: flush I/O queued before profileBeforeChange"
JavaScript error: resource://gre/modules/AsyncShutdown.sys.mjs, line 727: Error: Phase "profile-before-change" is finished, it is too late to register completion condition "OS.File: flush I/O queued before profileBeforeChange"
